Searching for include files...
Searching for example files...
Searching for images...
Searching for dot files...
Searching for files to exclude
Searching for files to process...
Searching for files in directory /var/www/html/coin-or/CppAD/temp/cppad-20140407/cppad
Searching for files in directory /var/www/html/coin-or/CppAD/temp/cppad-20140407/cppad/local
Searching for files in directory /var/www/html/coin-or/CppAD/temp/cppad-20140407/cppad/ipopt
Searching for files in directory /var/www/html/coin-or/CppAD/temp/cppad-20140407/cppad_ipopt/src
Searching for files in directory /var/www/html/coin-or/CppAD/temp/cppad-20140407/speed/src
Reading and parsing tag files
Preprocessing /var/www/html/coin-or/CppAD/temp/cppad-20140407/cppad/base_require.hpp...
Parsing file /var/www/html/coin-or/CppAD/temp/cppad-20140407/cppad/base_require.hpp...
Preprocessing /var/www/html/coin-or/CppAD/temp/cppad-20140407/cppad/check_numeric_type.hpp...
Parsing file /var/www/html/coin-or/CppAD/temp/cppad-20140407/cppad/check_numeric_type.hpp...
Preprocessing /var/www/html/coin-or/CppAD/temp/cppad-20140407/cppad/check_simple_vector.hpp...
Parsing file /var/www/html/coin-or/CppAD/temp/cppad-20140407/cppad/check_simple_vector.hpp...
Preprocessing /var/www/html/coin-or/CppAD/temp/cppad-20140407/cppad/cppad.hpp...
Parsing file /var/www/html/coin-or/CppAD/temp/cppad-20140407/cppad/cppad.hpp...
Preprocessing /var/www/html/coin-or/CppAD/temp/cppad-20140407/cppad/elapsed_seconds.hpp...
Parsing file /var/www/html/coin-or/CppAD/temp/cppad-20140407/cppad/elapsed_seconds.hpp...
Preprocessing /var/www/html/coin-or/CppAD/temp/cppad-20140407/cppad/error_handler.hpp...
Parsing file /var/www/html/coin-or/CppAD/temp/cppad-20140407/cppad/error_handler.hpp...
Preprocessing /var/www/html/coin-or/CppAD/temp/cppad-20140407/cppad/index_sort.hpp...
Parsing file /var/www/html/coin-or/CppAD/temp/cppad-20140407/cppad/index_sort.hpp...
Preprocessing /var/www/html/coin-or/CppAD/temp/cppad-20140407/cppad/lu_factor.hpp...
Parsing file /var/www/html/coin-or/CppAD/temp/cppad-20140407/cppad/lu_factor.hpp...
Preprocessing /var/www/html/coin-or/CppAD/temp/cppad-20140407/cppad/lu_invert.hpp...
Parsing file /var/www/html/coin-or/CppAD/temp/cppad-20140407/cppad/lu_invert.hpp...
Preprocessing /var/www/html/coin-or/CppAD/temp/cppad-20140407/cppad/lu_solve.hpp...
Parsing file /var/www/html/coin-or/CppAD/temp/cppad-20140407/cppad/lu_solve.hpp...
Preprocessing /var/www/html/coin-or/CppAD/temp/cppad-20140407/cppad/memory_leak.hpp...
Parsing file /var/www/html/coin-or/CppAD/temp/cppad-20140407/cppad/memory_leak.hpp...
Preprocessing /var/www/html/coin-or/CppAD/temp/cppad-20140407/cppad/nan.hpp...
Parsing file /var/www/html/coin-or/CppAD/temp/cppad-20140407/cppad/nan.hpp...
Preprocessing /var/www/html/coin-or/CppAD/temp/cppad-20140407/cppad/near_equal.hpp...
Parsing file /var/www/html/coin-or/CppAD/temp/cppad-20140407/cppad/near_equal.hpp...
Preprocessing /var/www/html/coin-or/CppAD/temp/cppad-20140407/cppad/ode_err_control.hpp...
Parsing file /var/www/html/coin-or/CppAD/temp/cppad-20140407/cppad/ode_err_control.hpp...
Preprocessing /var/www/html/coin-or/CppAD/temp/cppad-20140407/cppad/ode_gear.hpp...
Parsing file /var/www/html/coin-or/CppAD/temp/cppad-20140407/cppad/ode_gear.hpp...
Preprocessing /var/www/html/coin-or/CppAD/temp/cppad-20140407/cppad/ode_gear_control.hpp...
Parsing file /var/www/html/coin-or/CppAD/temp/cppad-20140407/cppad/ode_gear_control.hpp...
Preprocessing /var/www/html/coin-or/CppAD/temp/cppad-20140407/cppad/omp_alloc.hpp...
Parsing file /var/www/html/coin-or/CppAD/temp/cppad-20140407/cppad/omp_alloc.hpp...
Preprocessing /var/www/html/coin-or/CppAD/temp/cppad-20140407/cppad/poly.hpp...
Parsing file /var/www/html/coin-or/CppAD/temp/cppad-20140407/cppad/poly.hpp...
Preprocessing /var/www/html/coin-or/CppAD/temp/cppad-20140407/cppad/pow_int.hpp...
Parsing file /var/www/html/coin-or/CppAD/temp/cppad-20140407/cppad/pow_int.hpp...
Preprocessing /var/www/html/coin-or/CppAD/temp/cppad-20140407/cppad/romberg_mul.hpp...
Parsing file /var/www/html/coin-or/CppAD/temp/cppad-20140407/cppad/romberg_mul.hpp...
Preprocessing /var/www/html/coin-or/CppAD/temp/cppad-20140407/cppad/romberg_one.hpp...
Parsing file /var/www/html/coin-or/CppAD/temp/cppad-20140407/cppad/romberg_one.hpp...
Preprocessing /var/www/html/coin-or/CppAD/temp/cppad-20140407/cppad/rosen_34.hpp...
Parsing file /var/www/html/coin-or/CppAD/temp/cppad-20140407/cppad/rosen_34.hpp...
Preprocessing /var/www/html/coin-or/CppAD/temp/cppad-20140407/cppad/runge_45.hpp...
Parsing file /var/www/html/coin-or/CppAD/temp/cppad-20140407/cppad/runge_45.hpp...
Preprocessing /var/www/html/coin-or/CppAD/temp/cppad-20140407/cppad/speed_test.hpp...
Parsing file /var/www/html/coin-or/CppAD/temp/cppad-20140407/cppad/speed_test.hpp...
Preprocessing /var/www/html/coin-or/CppAD/temp/cppad-20140407/cppad/thread_alloc.hpp...
Parsing file /var/www/html/coin-or/CppAD/temp/cppad-20140407/cppad/thread_alloc.hpp...
Preprocessing /var/www/html/coin-or/CppAD/temp/cppad-20140407/cppad/time_test.hpp...
Parsing file /var/www/html/coin-or/CppAD/temp/cppad-20140407/cppad/time_test.hpp...
Preprocessing /var/www/html/coin-or/CppAD/temp/cppad-20140407/cppad/track_new_del.hpp...
Parsing file /var/www/html/coin-or/CppAD/temp/cppad-20140407/cppad/track_new_del.hpp...
Preprocessing /var/www/html/coin-or/CppAD/temp/cppad-20140407/cppad/vector.hpp...
Parsing file /var/www/html/coin-or/CppAD/temp/cppad-20140407/cppad/vector.hpp...
Preprocessing /var/www/html/coin-or/CppAD/temp/cppad-20140407/cppad/local/abort_recording.hpp...
Parsing file /var/www/html/coin-or/CppAD/temp/cppad-20140407/cppad/local/abort_recording.hpp...
Preprocessing /var/www/html/coin-or/CppAD/temp/cppad-20140407/cppad/local/abs.hpp...
Parsing file /var/www/html/coin-or/CppAD/temp/cppad-20140407/cppad/local/abs.hpp...
Preprocessing /var/www/html/coin-or/CppAD/temp/cppad-20140407/cppad/local/abs_op.hpp...
Parsing file /var/www/html/coin-or/CppAD/temp/cppad-20140407/cppad/local/abs_op.hpp...
Preprocessing /var/www/html/coin-or/CppAD/temp/cppad-20140407/cppad/local/acos_op.hpp...
Parsing file /var/www/html/coin-or/CppAD/temp/cppad-20140407/cppad/local/acos_op.hpp...
Preprocessing /var/www/html/coin-or/CppAD/temp/cppad-20140407/cppad/local/ad.hpp...
Parsing file /var/www/html/coin-or/CppAD/temp/cppad-20140407/cppad/local/ad.hpp...
Preprocessing /var/www/html/coin-or/CppAD/temp/cppad-20140407/cppad/local/ad_assign.hpp...
Parsing file /var/www/html/coin-or/CppAD/temp/cppad-20140407/cppad/local/ad_assign.hpp...
Preprocessing /var/www/html/coin-or/CppAD/temp/cppad-20140407/cppad/local/ad_binary.hpp...
Parsing file /var/www/html/coin-or/CppAD/temp/cppad-20140407/cppad/local/ad_binary.hpp...
Preprocessing /var/www/html/coin-or/CppAD/temp/cppad-20140407/cppad/local/ad_ctor.hpp...
Parsing file /var/www/html/coin-or/CppAD/temp/cppad-20140407/cppad/local/ad_ctor.hpp...
Preprocessing /var/www/html/coin-or/CppAD/temp/cppad-20140407/cppad/local/ad_fun.hpp...
Parsing file /var/www/html/coin-or/CppAD/temp/cppad-20140407/cppad/local/ad_fun.hpp...
Preprocessing /var/www/html/coin-or/CppAD/temp/cppad-20140407/cppad/local/ad_io.hpp...
Parsing file /var/www/html/coin-or/CppAD/temp/cppad-20140407/cppad/local/ad_io.hpp...
Preprocessing /var/www/html/coin-or/CppAD/temp/cppad-20140407/cppad/local/ad_tape.hpp...
Parsing file /var/www/html/coin-or/CppAD/temp/cppad-20140407/cppad/local/ad_tape.hpp...
Preprocessing /var/www/html/coin-or/CppAD/temp/cppad-20140407/cppad/local/ad_valued.hpp...
Parsing file /var/www/html/coin-or/CppAD/temp/cppad-20140407/cppad/local/ad_valued.hpp...
Preprocessing /var/www/html/coin-or/CppAD/temp/cppad-20140407/cppad/local/add.hpp...
Parsing file /var/www/html/coin-or/CppAD/temp/cppad-20140407/cppad/local/add.hpp...
Preprocessing /var/www/html/coin-or/CppAD/temp/cppad-20140407/cppad/local/add_eq.hpp...
Parsing file /var/www/html/coin-or/CppAD/temp/cppad-20140407/cppad/local/add_eq.hpp...
Preprocessing /var/www/html/coin-or/CppAD/temp/cppad-20140407/cppad/local/add_op.hpp...
Parsing file /var/www/html/coin-or/CppAD/temp/cppad-20140407/cppad/local/add_op.hpp...
Preprocessing /var/www/html/coin-or/CppAD/temp/cppad-20140407/cppad/local/arithmetic.hpp...
Parsing file /var/www/html/coin-or/CppAD/temp/cppad-20140407/cppad/local/arithmetic.hpp...
Preprocessing /var/www/html/coin-or/CppAD/temp/cppad-20140407/cppad/local/asin_op.hpp...
Parsing file /var/www/html/coin-or/CppAD/temp/cppad-20140407/cppad/local/asin_op.hpp...
Preprocessing /var/www/html/coin-or/CppAD/temp/cppad-20140407/cppad/local/atan2.hpp...
Parsing file /var/www/html/coin-or/CppAD/temp/cppad-20140407/cppad/local/atan2.hpp...
Preprocessing /var/www/html/coin-or/CppAD/temp/cppad-20140407/cppad/local/atan_op.hpp...
Parsing file /var/www/html/coin-or/CppAD/temp/cppad-20140407/cppad/local/atan_op.hpp...
Preprocessing /var/www/html/coin-or/CppAD/temp/cppad-20140407/cppad/local/atomic_base.hpp...
Parsing file /var/www/html/coin-or/CppAD/temp/cppad-20140407/cppad/local/atomic_base.hpp...
Preprocessing /var/www/html/coin-or/CppAD/temp/cppad-20140407/cppad/local/base_complex.hpp...
Parsing file /var/www/html/coin-or/CppAD/temp/cppad-20140407/cppad/local/base_complex.hpp...
Preprocessing /var/www/html/coin-or/CppAD/temp/cppad-20140407/cppad/local/base_cond_exp.hpp...
Parsing file /var/www/html/coin-or/CppAD/temp/cppad-20140407/cppad/local/base_cond_exp.hpp...
Preprocessing /var/www/html/coin-or/CppAD/temp/cppad-20140407/cppad/local/base_double.hpp...
Parsing file /var/www/html/coin-or/CppAD/temp/cppad-20140407/cppad/local/base_double.hpp...
Preprocessing /var/www/html/coin-or/CppAD/temp/cppad-20140407/cppad/local/base_float.hpp...
Parsing file /var/www/html/coin-or/CppAD/temp/cppad-20140407/cppad/local/base_float.hpp...
Preprocessing /var/www/html/coin-or/CppAD/temp/cppad-20140407/cppad/local/base_std_math.hpp...
Parsing file /var/www/html/coin-or/CppAD/temp/cppad-20140407/cppad/local/base_std_math.hpp...
Preprocessing /var/www/html/coin-or/CppAD/temp/cppad-20140407/cppad/local/bender_quad.hpp...
Parsing file /var/www/html/coin-or/CppAD/temp/cppad-20140407/cppad/local/bender_quad.hpp...
Preprocessing /var/www/html/coin-or/CppAD/temp/cppad-20140407/cppad/local/bool_fun.hpp...
Parsing file /var/www/html/coin-or/CppAD/temp/cppad-20140407/cppad/local/bool_fun.hpp...
Preprocessing /var/www/html/coin-or/CppAD/temp/cppad-20140407/cppad/local/bool_valued.hpp...
Parsing file /var/www/html/coin-or/CppAD/temp/cppad-20140407/cppad/local/bool_valued.hpp...
Preprocessing /var/www/html/coin-or/CppAD/temp/cppad-20140407/cppad/local/capacity_order.hpp...
Parsing file /var/www/html/coin-or/CppAD/temp/cppad-20140407/cppad/local/capacity_order.hpp...
Preprocessing /var/www/html/coin-or/CppAD/temp/cppad-20140407/cppad/local/checkpoint.hpp...
Parsing file /var/www/html/coin-or/CppAD/temp/cppad-20140407/cppad/local/checkpoint.hpp...
Preprocessing /var/www/html/coin-or/CppAD/temp/cppad-20140407/cppad/local/comp_op.hpp...
Parsing file /var/www/html/coin-or/CppAD/temp/cppad-20140407/cppad/local/comp_op.hpp...
Preprocessing /var/www/html/coin-or/CppAD/temp/cppad-20140407/cppad/local/compare.hpp...
Parsing file /var/www/html/coin-or/CppAD/temp/cppad-20140407/cppad/local/compare.hpp...
Preprocessing /var/www/html/coin-or/CppAD/temp/cppad-20140407/cppad/local/compute_assign.hpp...
Parsing file /var/www/html/coin-or/CppAD/temp/cppad-20140407/cppad/local/compute_assign.hpp...
Preprocessing /var/www/html/coin-or/CppAD/temp/cppad-20140407/cppad/local/cond_exp.hpp...
Parsing file /var/www/html/coin-or/CppAD/temp/cppad-20140407/cppad/local/cond_exp.hpp...
Preprocessing /var/www/html/coin-or/CppAD/temp/cppad-20140407/cppad/local/cond_op.hpp...
Parsing file /var/www/html/coin-or/CppAD/temp/cppad-20140407/cppad/local/cond_op.hpp...
Preprocessing /var/www/html/coin-or/CppAD/temp/cppad-20140407/cppad/local/convert.hpp...
Parsing file /var/www/html/coin-or/CppAD/temp/cppad-20140407/cppad/local/convert.hpp...
Preprocessing /var/www/html/coin-or/CppAD/temp/cppad-20140407/cppad/local/cos_op.hpp...
Parsing file /var/www/html/coin-or/CppAD/temp/cppad-20140407/cppad/local/cos_op.hpp...
Preprocessing /var/www/html/coin-or/CppAD/temp/cppad-20140407/cppad/local/cosh_op.hpp...
Parsing file /var/www/html/coin-or/CppAD/temp/cppad-20140407/cppad/local/cosh_op.hpp...
Preprocessing /var/www/html/coin-or/CppAD/temp/cppad-20140407/cppad/local/cppad_assert.hpp...
Parsing file /var/www/html/coin-or/CppAD/temp/cppad-20140407/cppad/local/cppad_assert.hpp...
Preprocessing /var/www/html/coin-or/CppAD/temp/cppad-20140407/cppad/local/cppad_colpack.cpp...
Parsing file /var/www/html/coin-or/CppAD/temp/cppad-20140407/cppad/local/cppad_colpack.cpp...
Preprocessing /var/www/html/coin-or/CppAD/temp/cppad-20140407/cppad/local/cppad_colpack.hpp...
Parsing file /var/www/html/coin-or/CppAD/temp/cppad-20140407/cppad/local/cppad_colpack.hpp...
Preprocessing /var/www/html/coin-or/CppAD/temp/cppad-20140407/cppad/local/cskip_op.hpp...
Parsing file /var/www/html/coin-or/CppAD/temp/cppad-20140407/cppad/local/cskip_op.hpp...
Preprocessing /var/www/html/coin-or/CppAD/temp/cppad-20140407/cppad/local/csum_op.hpp...
Parsing file /var/www/html/coin-or/CppAD/temp/cppad-20140407/cppad/local/csum_op.hpp...
Preprocessing /var/www/html/coin-or/CppAD/temp/cppad-20140407/cppad/local/declare_ad.hpp...
Parsing file /var/www/html/coin-or/CppAD/temp/cppad-20140407/cppad/local/declare_ad.hpp...
Preprocessing /var/www/html/coin-or/CppAD/temp/cppad-20140407/cppad/local/define.hpp...
Parsing file /var/www/html/coin-or/CppAD/temp/cppad-20140407/cppad/local/define.hpp...
Preprocessing /var/www/html/coin-or/CppAD/temp/cppad-20140407/cppad/local/dependent.hpp...
Parsing file /var/www/html/coin-or/CppAD/temp/cppad-20140407/cppad/local/dependent.hpp...
Preprocessing /var/www/html/coin-or/CppAD/temp/cppad-20140407/cppad/local/discrete.hpp...
Parsing file /var/www/html/coin-or/CppAD/temp/cppad-20140407/cppad/local/discrete.hpp...
Preprocessing /var/www/html/coin-or/CppAD/temp/cppad-20140407/cppad/local/discrete_op.hpp...
Parsing file /var/www/html/coin-or/CppAD/temp/cppad-20140407/cppad/local/discrete_op.hpp...
Preprocessing /var/www/html/coin-or/CppAD/temp/cppad-20140407/cppad/local/div.hpp...
Parsing file /var/www/html/coin-or/CppAD/temp/cppad-20140407/cppad/local/div.hpp...
Preprocessing /var/www/html/coin-or/CppAD/temp/cppad-20140407/cppad/local/div_eq.hpp...
Parsing file /var/www/html/coin-or/CppAD/temp/cppad-20140407/cppad/local/div_eq.hpp...
Preprocessing /var/www/html/coin-or/CppAD/temp/cppad-20140407/cppad/local/div_op.hpp...
Parsing file /var/www/html/coin-or/CppAD/temp/cppad-20140407/cppad/local/div_op.hpp...
Preprocessing /var/www/html/coin-or/CppAD/temp/cppad-20140407/cppad/local/drivers.hpp...
Parsing file /var/www/html/coin-or/CppAD/temp/cppad-20140407/cppad/local/drivers.hpp...
Preprocessing /var/www/html/coin-or/CppAD/temp/cppad-20140407/cppad/local/epsilon.hpp...
Parsing file /var/www/html/coin-or/CppAD/temp/cppad-20140407/cppad/local/epsilon.hpp...
Preprocessing /var/www/html/coin-or/CppAD/temp/cppad-20140407/cppad/local/equal_op_seq.hpp...
Parsing file /var/www/html/coin-or/CppAD/temp/cppad-20140407/cppad/local/equal_op_seq.hpp...
Preprocessing /var/www/html/coin-or/CppAD/temp/cppad-20140407/cppad/local/erf.hpp...
Parsing file /var/www/html/coin-or/CppAD/temp/cppad-20140407/cppad/local/erf.hpp...
Preprocessing /var/www/html/coin-or/CppAD/temp/cppad-20140407/cppad/local/exp_op.hpp...
Parsing file /var/www/html/coin-or/CppAD/temp/cppad-20140407/cppad/local/exp_op.hpp...
Preprocessing /var/www/html/coin-or/CppAD/temp/cppad-20140407/cppad/local/for_jac_sweep.hpp...
Parsing file /var/www/html/coin-or/CppAD/temp/cppad-20140407/cppad/local/for_jac_sweep.hpp...
Preprocessing /var/www/html/coin-or/CppAD/temp/cppad-20140407/cppad/local/for_one.hpp...
Parsing file /var/www/html/coin-or/CppAD/temp/cppad-20140407/cppad/local/for_one.hpp...
Preprocessing /var/www/html/coin-or/CppAD/temp/cppad-20140407/cppad/local/for_sparse_jac.hpp...
Parsing file /var/www/html/coin-or/CppAD/temp/cppad-20140407/cppad/local/for_sparse_jac.hpp...
Preprocessing /var/www/html/coin-or/CppAD/temp/cppad-20140407/cppad/local/for_two.hpp...
Parsing file /var/www/html/coin-or/CppAD/temp/cppad-20140407/cppad/local/for_two.hpp...
Preprocessing /var/www/html/coin-or/CppAD/temp/cppad-20140407/cppad/local/forward.hpp...
Parsing file /var/www/html/coin-or/CppAD/temp/cppad-20140407/cppad/local/forward.hpp...
Preprocessing /var/www/html/coin-or/CppAD/temp/cppad-20140407/cppad/local/forward0sweep.hpp...
Parsing file /var/www/html/coin-or/CppAD/temp/cppad-20140407/cppad/local/forward0sweep.hpp...
Preprocessing /var/www/html/coin-or/CppAD/temp/cppad-20140407/cppad/local/forward1sweep.hpp...
Parsing file /var/www/html/coin-or/CppAD/temp/cppad-20140407/cppad/local/forward1sweep.hpp...
Preprocessing /var/www/html/coin-or/CppAD/temp/cppad-20140407/cppad/local/fun_check.hpp...
Parsing file /var/www/html/coin-or/CppAD/temp/cppad-20140407/cppad/local/fun_check.hpp...
Preprocessing /var/www/html/coin-or/CppAD/temp/cppad-20140407/cppad/local/fun_construct.hpp...
Parsing file /var/www/html/coin-or/CppAD/temp/cppad-20140407/cppad/local/fun_construct.hpp...
Preprocessing /var/www/html/coin-or/CppAD/temp/cppad-20140407/cppad/local/fun_eval.hpp...
Parsing file /var/www/html/coin-or/CppAD/temp/cppad-20140407/cppad/local/fun_eval.hpp...
Preprocessing /var/www/html/coin-or/CppAD/temp/cppad-20140407/cppad/local/hash_code.hpp...
Parsing file /var/www/html/coin-or/CppAD/temp/cppad-20140407/cppad/local/hash_code.hpp...
Preprocessing /var/www/html/coin-or/CppAD/temp/cppad-20140407/cppad/local/hessian.hpp...
Parsing file /var/www/html/coin-or/CppAD/temp/cppad-20140407/cppad/local/hessian.hpp...
Preprocessing /var/www/html/coin-or/CppAD/temp/cppad-20140407/cppad/local/identical.hpp...
Parsing file /var/www/html/coin-or/CppAD/temp/cppad-20140407/cppad/local/identical.hpp...
Preprocessing /var/www/html/coin-or/CppAD/temp/cppad-20140407/cppad/local/independent.hpp...
Parsing file /var/www/html/coin-or/CppAD/temp/cppad-20140407/cppad/local/independent.hpp...
Preprocessing /var/www/html/coin-or/CppAD/temp/cppad-20140407/cppad/local/integer.hpp...
Parsing file /var/www/html/coin-or/CppAD/temp/cppad-20140407/cppad/local/integer.hpp...
Preprocessing /var/www/html/coin-or/CppAD/temp/cppad-20140407/cppad/local/jacobian.hpp...
Parsing file /var/www/html/coin-or/CppAD/temp/cppad-20140407/cppad/local/jacobian.hpp...
Preprocessing /var/www/html/coin-or/CppAD/temp/cppad-20140407/cppad/local/limits.hpp...
Parsing file /var/www/html/coin-or/CppAD/temp/cppad-20140407/cppad/local/limits.hpp...
Preprocessing /var/www/html/coin-or/CppAD/temp/cppad-20140407/cppad/local/load_op.hpp...
Parsing file /var/www/html/coin-or/CppAD/temp/cppad-20140407/cppad/local/load_op.hpp...
Preprocessing /var/www/html/coin-or/CppAD/temp/cppad-20140407/cppad/local/log_op.hpp...
Parsing file /var/www/html/coin-or/CppAD/temp/cppad-20140407/cppad/local/log_op.hpp...
Preprocessing /var/www/html/coin-or/CppAD/temp/cppad-20140407/cppad/local/lu_ratio.hpp...
Parsing file /var/www/html/coin-or/CppAD/temp/cppad-20140407/cppad/local/lu_ratio.hpp...
Preprocessing /var/www/html/coin-or/CppAD/temp/cppad-20140407/cppad/local/math_other.hpp...
Parsing file /var/www/html/coin-or/CppAD/temp/cppad-20140407/cppad/local/math_other.hpp...
Preprocessing /var/www/html/coin-or/CppAD/temp/cppad-20140407/cppad/local/mul.hpp...
Parsing file /var/www/html/coin-or/CppAD/temp/cppad-20140407/cppad/local/mul.hpp...
Preprocessing /var/www/html/coin-or/CppAD/temp/cppad-20140407/cppad/local/mul_eq.hpp...
Parsing file /var/www/html/coin-or/CppAD/temp/cppad-20140407/cppad/local/mul_eq.hpp...
Preprocessing /var/www/html/coin-or/CppAD/temp/cppad-20140407/cppad/local/mul_op.hpp...
Parsing file /var/www/html/coin-or/CppAD/temp/cppad-20140407/cppad/local/mul_op.hpp...
Preprocessing /var/www/html/coin-or/CppAD/temp/cppad-20140407/cppad/local/near_equal_ext.hpp...
Parsing file /var/www/html/coin-or/CppAD/temp/cppad-20140407/cppad/local/near_equal_ext.hpp...
Preprocessing /var/www/html/coin-or/CppAD/temp/cppad-20140407/cppad/local/num_skip.hpp...
Parsing file /var/www/html/coin-or/CppAD/temp/cppad-20140407/cppad/local/num_skip.hpp...
Preprocessing /var/www/html/coin-or/CppAD/temp/cppad-20140407/cppad/local/old_atomic.hpp...
Parsing file /var/www/html/coin-or/CppAD/temp/cppad-20140407/cppad/local/old_atomic.hpp...
Preprocessing /var/www/html/coin-or/CppAD/temp/cppad-20140407/cppad/local/omp_max_thread.hpp...
Parsing file /var/www/html/coin-or/CppAD/temp/cppad-20140407/cppad/local/omp_max_thread.hpp...
Preprocessing /var/www/html/coin-or/CppAD/temp/cppad-20140407/cppad/local/op.hpp...
Parsing file /var/www/html/coin-or/CppAD/temp/cppad-20140407/cppad/local/op.hpp...
Preprocessing /var/www/html/coin-or/CppAD/temp/cppad-20140407/cppad/local/op_code.hpp...
Parsing file /var/www/html/coin-or/CppAD/temp/cppad-20140407/cppad/local/op_code.hpp...
Preprocessing /var/www/html/coin-or/CppAD/temp/cppad-20140407/cppad/local/opt_val_hes.hpp...
Parsing file /var/www/html/coin-or/CppAD/temp/cppad-20140407/cppad/local/opt_val_hes.hpp...
Preprocessing /var/www/html/coin-or/CppAD/temp/cppad-20140407/cppad/local/optimize.hpp...
Parsing file /var/www/html/coin-or/CppAD/temp/cppad-20140407/cppad/local/optimize.hpp...
Preprocessing /var/www/html/coin-or/CppAD/temp/cppad-20140407/cppad/local/ordered.hpp...
Parsing file /var/www/html/coin-or/CppAD/temp/cppad-20140407/cppad/local/ordered.hpp...
Preprocessing /var/www/html/coin-or/CppAD/temp/cppad-20140407/cppad/local/par_var.hpp...
Parsing file /var/www/html/coin-or/CppAD/temp/cppad-20140407/cppad/local/par_var.hpp...
Preprocessing /var/www/html/coin-or/CppAD/temp/cppad-20140407/cppad/local/parallel_ad.hpp...
Parsing file /var/www/html/coin-or/CppAD/temp/cppad-20140407/cppad/local/parallel_ad.hpp...
Preprocessing /var/www/html/coin-or/CppAD/temp/cppad-20140407/cppad/local/parameter_op.hpp...
Parsing file /var/www/html/coin-or/CppAD/temp/cppad-20140407/cppad/local/parameter_op.hpp...
Preprocessing /var/www/html/coin-or/CppAD/temp/cppad-20140407/cppad/local/player.hpp...
Parsing file /var/www/html/coin-or/CppAD/temp/cppad-20140407/cppad/local/player.hpp...
Preprocessing /var/www/html/coin-or/CppAD/temp/cppad-20140407/cppad/local/pod_vector.hpp...
Parsing file /var/www/html/coin-or/CppAD/temp/cppad-20140407/cppad/local/pod_vector.hpp...
Preprocessing /var/www/html/coin-or/CppAD/temp/cppad-20140407/cppad/local/pow.hpp...
Parsing file /var/www/html/coin-or/CppAD/temp/cppad-20140407/cppad/local/pow.hpp...
Preprocessing /var/www/html/coin-or/CppAD/temp/cppad-20140407/cppad/local/pow_op.hpp...
Parsing file /var/www/html/coin-or/CppAD/temp/cppad-20140407/cppad/local/pow_op.hpp...
Preprocessing /var/www/html/coin-or/CppAD/temp/cppad-20140407/cppad/local/print_for.hpp...
Parsing file /var/www/html/coin-or/CppAD/temp/cppad-20140407/cppad/local/print_for.hpp...
Preprocessing /var/www/html/coin-or/CppAD/temp/cppad-20140407/cppad/local/print_op.hpp...
Parsing file /var/www/html/coin-or/CppAD/temp/cppad-20140407/cppad/local/print_op.hpp...
Preprocessing /var/www/html/coin-or/CppAD/temp/cppad-20140407/cppad/local/prototype_op.hpp...
Parsing file /var/www/html/coin-or/CppAD/temp/cppad-20140407/cppad/local/prototype_op.hpp...
Preprocessing /var/www/html/coin-or/CppAD/temp/cppad-20140407/cppad/local/recorder.hpp...
Parsing file /var/www/html/coin-or/CppAD/temp/cppad-20140407/cppad/local/recorder.hpp...
Preprocessing /var/www/html/coin-or/CppAD/temp/cppad-20140407/cppad/local/rev_hes_sweep.hpp...
Parsing file /var/www/html/coin-or/CppAD/temp/cppad-20140407/cppad/local/rev_hes_sweep.hpp...
Preprocessing /var/www/html/coin-or/CppAD/temp/cppad-20140407/cppad/local/rev_jac_sweep.hpp...
Parsing file /var/www/html/coin-or/CppAD/temp/cppad-20140407/cppad/local/rev_jac_sweep.hpp...
Preprocessing /var/www/html/coin-or/CppAD/temp/cppad-20140407/cppad/local/rev_one.hpp...
Parsing file /var/www/html/coin-or/CppAD/temp/cppad-20140407/cppad/local/rev_one.hpp...
Preprocessing /var/www/html/coin-or/CppAD/temp/cppad-20140407/cppad/local/rev_sparse_hes.hpp...
Parsing file /var/www/html/coin-or/CppAD/temp/cppad-20140407/cppad/local/rev_sparse_hes.hpp...
Preprocessing /var/www/html/coin-or/CppAD/temp/cppad-20140407/cppad/local/rev_sparse_jac.hpp...
Parsing file /var/www/html/coin-or/CppAD/temp/cppad-20140407/cppad/local/rev_sparse_jac.hpp...
Preprocessing /var/www/html/coin-or/CppAD/temp/cppad-20140407/cppad/local/rev_two.hpp...
Parsing file /var/www/html/coin-or/CppAD/temp/cppad-20140407/cppad/local/rev_two.hpp...
Preprocessing /var/www/html/coin-or/CppAD/temp/cppad-20140407/cppad/local/reverse.hpp...
Parsing file /var/www/html/coin-or/CppAD/temp/cppad-20140407/cppad/local/reverse.hpp...
Preprocessing /var/www/html/coin-or/CppAD/temp/cppad-20140407/cppad/local/reverse_sweep.hpp...
Parsing file /var/www/html/coin-or/CppAD/temp/cppad-20140407/cppad/local/reverse_sweep.hpp...
Preprocessing /var/www/html/coin-or/CppAD/temp/cppad-20140407/cppad/local/sign.hpp...
Parsing file /var/www/html/coin-or/CppAD/temp/cppad-20140407/cppad/local/sign.hpp...
Preprocessing /var/www/html/coin-or/CppAD/temp/cppad-20140407/cppad/local/sign_op.hpp...
Parsing file /var/www/html/coin-or/CppAD/temp/cppad-20140407/cppad/local/sign_op.hpp...
Preprocessing /var/www/html/coin-or/CppAD/temp/cppad-20140407/cppad/local/sin_op.hpp...
Parsing file /var/www/html/coin-or/CppAD/temp/cppad-20140407/cppad/local/sin_op.hpp...
Preprocessing /var/www/html/coin-or/CppAD/temp/cppad-20140407/cppad/local/sinh_op.hpp...
Parsing file /var/www/html/coin-or/CppAD/temp/cppad-20140407/cppad/local/sinh_op.hpp...
Preprocessing /var/www/html/coin-or/CppAD/temp/cppad-20140407/cppad/local/sparse.hpp...
Parsing file /var/www/html/coin-or/CppAD/temp/cppad-20140407/cppad/local/sparse.hpp...
Preprocessing /var/www/html/coin-or/CppAD/temp/cppad-20140407/cppad/local/sparse_binary_op.hpp...
Parsing file /var/www/html/coin-or/CppAD/temp/cppad-20140407/cppad/local/sparse_binary_op.hpp...
Preprocessing /var/www/html/coin-or/CppAD/temp/cppad-20140407/cppad/local/sparse_color.hpp...
Parsing file /var/www/html/coin-or/CppAD/temp/cppad-20140407/cppad/local/sparse_color.hpp...
Preprocessing /var/www/html/coin-or/CppAD/temp/cppad-20140407/cppad/local/sparse_hessian.hpp...
Parsing file /var/www/html/coin-or/CppAD/temp/cppad-20140407/cppad/local/sparse_hessian.hpp...
Preprocessing /var/www/html/coin-or/CppAD/temp/cppad-20140407/cppad/local/sparse_jacobian.hpp...
Parsing file /var/www/html/coin-or/CppAD/temp/cppad-20140407/cppad/local/sparse_jacobian.hpp...
Preprocessing /var/www/html/coin-or/CppAD/temp/cppad-20140407/cppad/local/sparse_list.hpp...
Parsing file /var/www/html/coin-or/CppAD/temp/cppad-20140407/cppad/local/sparse_list.hpp...
Preprocessing /var/www/html/coin-or/CppAD/temp/cppad-20140407/cppad/local/sparse_pack.hpp...
Parsing file /var/www/html/coin-or/CppAD/temp/cppad-20140407/cppad/local/sparse_pack.hpp...
Preprocessing /var/www/html/coin-or/CppAD/temp/cppad-20140407/cppad/local/sparse_pattern.hpp...
Parsing file /var/www/html/coin-or/CppAD/temp/cppad-20140407/cppad/local/sparse_pattern.hpp...
Preprocessing /var/www/html/coin-or/CppAD/temp/cppad-20140407/cppad/local/sparse_set.hpp...
Parsing file /var/www/html/coin-or/CppAD/temp/cppad-20140407/cppad/local/sparse_set.hpp...
Preprocessing /var/www/html/coin-or/CppAD/temp/cppad-20140407/cppad/local/sparse_unary_op.hpp...
Parsing file /var/www/html/coin-or/CppAD/temp/cppad-20140407/cppad/local/sparse_unary_op.hpp...
Preprocessing /var/www/html/coin-or/CppAD/temp/cppad-20140407/cppad/local/sqrt_op.hpp...
Parsing file /var/www/html/coin-or/CppAD/temp/cppad-20140407/cppad/local/sqrt_op.hpp...
Preprocessing /var/www/html/coin-or/CppAD/temp/cppad-20140407/cppad/local/std_math_ad.hpp...
Parsing file /var/www/html/coin-or/CppAD/temp/cppad-20140407/cppad/local/std_math_ad.hpp...
Preprocessing /var/www/html/coin-or/CppAD/temp/cppad-20140407/cppad/local/std_set.hpp...
Parsing file /var/www/html/coin-or/CppAD/temp/cppad-20140407/cppad/local/std_set.hpp...
Preprocessing /var/www/html/coin-or/CppAD/temp/cppad-20140407/cppad/local/store_op.hpp...
Parsing file /var/www/html/coin-or/CppAD/temp/cppad-20140407/cppad/local/store_op.hpp...
Preprocessing /var/www/html/coin-or/CppAD/temp/cppad-20140407/cppad/local/sub.hpp...
Parsing file /var/www/html/coin-or/CppAD/temp/cppad-20140407/cppad/local/sub.hpp...
Preprocessing /var/www/html/coin-or/CppAD/temp/cppad-20140407/cppad/local/sub_eq.hpp...
Parsing file /var/www/html/coin-or/CppAD/temp/cppad-20140407/cppad/local/sub_eq.hpp...
Preprocessing /var/www/html/coin-or/CppAD/temp/cppad-20140407/cppad/local/sub_op.hpp...
Parsing file /var/www/html/coin-or/CppAD/temp/cppad-20140407/cppad/local/sub_op.hpp...
Preprocessing /var/www/html/coin-or/CppAD/temp/cppad-20140407/cppad/local/tan_op.hpp...
Parsing file /var/www/html/coin-or/CppAD/temp/cppad-20140407/cppad/local/tan_op.hpp...
Preprocessing /var/www/html/coin-or/CppAD/temp/cppad-20140407/cppad/local/tanh_op.hpp...
Parsing file /var/www/html/coin-or/CppAD/temp/cppad-20140407/cppad/local/tanh_op.hpp...
Preprocessing /var/www/html/coin-or/CppAD/temp/cppad-20140407/cppad/local/tape_link.hpp...
Parsing file /var/www/html/coin-or/CppAD/temp/cppad-20140407/cppad/local/tape_link.hpp...
Preprocessing /var/www/html/coin-or/CppAD/temp/cppad-20140407/cppad/local/test_vector.hpp...
Parsing file /var/www/html/coin-or/CppAD/temp/cppad-20140407/cppad/local/test_vector.hpp...
Preprocessing /var/www/html/coin-or/CppAD/temp/cppad-20140407/cppad/local/testvector.hpp...
Parsing file /var/www/html/coin-or/CppAD/temp/cppad-20140407/cppad/local/testvector.hpp...
Preprocessing /var/www/html/coin-or/CppAD/temp/cppad-20140407/cppad/local/unary_minus.hpp...
Parsing file /var/www/html/coin-or/CppAD/temp/cppad-20140407/cppad/local/unary_minus.hpp...
Preprocessing /var/www/html/coin-or/CppAD/temp/cppad-20140407/cppad/local/unary_plus.hpp...
Parsing file /var/www/html/coin-or/CppAD/temp/cppad-20140407/cppad/local/unary_plus.hpp...
Preprocessing /var/www/html/coin-or/CppAD/temp/cppad-20140407/cppad/local/undef.hpp...
Parsing file /var/www/html/coin-or/CppAD/temp/cppad-20140407/cppad/local/undef.hpp...
Preprocessing /var/www/html/coin-or/CppAD/temp/cppad-20140407/cppad/local/user_ad.hpp...
Parsing file /var/www/html/coin-or/CppAD/temp/cppad-20140407/cppad/local/user_ad.hpp...
Preprocessing /var/www/html/coin-or/CppAD/temp/cppad-20140407/cppad/local/value.hpp...
Parsing file /var/www/html/coin-or/CppAD/temp/cppad-20140407/cppad/local/value.hpp...
Preprocessing /var/www/html/coin-or/CppAD/temp/cppad-20140407/cppad/local/var2par.hpp...
Parsing file /var/www/html/coin-or/CppAD/temp/cppad-20140407/cppad/local/var2par.hpp...
Preprocessing /var/www/html/coin-or/CppAD/temp/cppad-20140407/cppad/local/vec_ad.hpp...
Parsing file /var/www/html/coin-or/CppAD/temp/cppad-20140407/cppad/local/vec_ad.hpp...
Preprocessing /var/www/html/coin-or/CppAD/temp/cppad-20140407/cppad/ipopt/solve.hpp...
Parsing file /var/www/html/coin-or/CppAD/temp/cppad-20140407/cppad/ipopt/solve.hpp...
Preprocessing /var/www/html/coin-or/CppAD/temp/cppad-20140407/cppad/ipopt/solve_callback.hpp...
Parsing file /var/www/html/coin-or/CppAD/temp/cppad-20140407/cppad/ipopt/solve_callback.hpp...
Preprocessing /var/www/html/coin-or/CppAD/temp/cppad-20140407/cppad/ipopt/solve_result.hpp...
Parsing file /var/www/html/coin-or/CppAD/temp/cppad-20140407/cppad/ipopt/solve_result.hpp...
Preprocessing /var/www/html/coin-or/CppAD/temp/cppad-20140407/cppad_ipopt/src/cppad_ipopt_nlp.cpp...
Parsing file /var/www/html/coin-or/CppAD/temp/cppad-20140407/cppad_ipopt/src/cppad_ipopt_nlp.cpp...
Preprocessing /var/www/html/coin-or/CppAD/temp/cppad-20140407/cppad_ipopt/src/cppad_ipopt_nlp.hpp...
Parsing file /var/www/html/coin-or/CppAD/temp/cppad-20140407/cppad_ipopt/src/cppad_ipopt_nlp.hpp...
Preprocessing /var/www/html/coin-or/CppAD/temp/cppad-20140407/cppad_ipopt/src/fun_record.hpp...
Parsing file /var/www/html/coin-or/CppAD/temp/cppad-20140407/cppad_ipopt/src/fun_record.hpp...
Preprocessing /var/www/html/coin-or/CppAD/temp/cppad-20140407/cppad_ipopt/src/hes_fg_map.cpp...
Parsing file /var/www/html/coin-or/CppAD/temp/cppad-20140407/cppad_ipopt/src/hes_fg_map.cpp...
Preprocessing /var/www/html/coin-or/CppAD/temp/cppad-20140407/cppad_ipopt/src/hes_fg_map.hpp...
Parsing file /var/www/html/coin-or/CppAD/temp/cppad-20140407/cppad_ipopt/src/hes_fg_map.hpp...
Preprocessing /var/www/html/coin-or/CppAD/temp/cppad-20140407/cppad_ipopt/src/jac_g_map.cpp...
Parsing file /var/www/html/coin-or/CppAD/temp/cppad-20140407/cppad_ipopt/src/jac_g_map.cpp...
Preprocessing /var/www/html/coin-or/CppAD/temp/cppad-20140407/cppad_ipopt/src/jac_g_map.hpp...
Parsing file /var/www/html/coin-or/CppAD/temp/cppad-20140407/cppad_ipopt/src/jac_g_map.hpp...
Preprocessing /var/www/html/coin-or/CppAD/temp/cppad-20140407/cppad_ipopt/src/sparse_map2vec.cpp...
Parsing file /var/www/html/coin-or/CppAD/temp/cppad-20140407/cppad_ipopt/src/sparse_map2vec.cpp...
Preprocessing /var/www/html/coin-or/CppAD/temp/cppad-20140407/cppad_ipopt/src/sparse_map2vec.hpp...
Parsing file /var/www/html/coin-or/CppAD/temp/cppad-20140407/cppad_ipopt/src/sparse_map2vec.hpp...
Preprocessing /var/www/html/coin-or/CppAD/temp/cppad-20140407/cppad_ipopt/src/vec_fun_pattern.cpp...
Parsing file /var/www/html/coin-or/CppAD/temp/cppad-20140407/cppad_ipopt/src/vec_fun_pattern.cpp...
Preprocessing /var/www/html/coin-or/CppAD/temp/cppad-20140407/cppad_ipopt/src/vec_fun_pattern.hpp...
Parsing file /var/www/html/coin-or/CppAD/temp/cppad-20140407/cppad_ipopt/src/vec_fun_pattern.hpp...
Preprocessing /var/www/html/coin-or/CppAD/temp/cppad-20140407/speed/src/link_det_lu.cpp...
Parsing file /var/www/html/coin-or/CppAD/temp/cppad-20140407/speed/src/link_det_lu.cpp...
Preprocessing /var/www/html/coin-or/CppAD/temp/cppad-20140407/speed/src/link_det_minor.cpp...
Parsing file /var/www/html/coin-or/CppAD/temp/cppad-20140407/speed/src/link_det_minor.cpp...
Preprocessing /var/www/html/coin-or/CppAD/temp/cppad-20140407/speed/src/link_mat_mul.cpp...
Parsing file /var/www/html/coin-or/CppAD/temp/cppad-20140407/speed/src/link_mat_mul.cpp...
Preprocessing /var/www/html/coin-or/CppAD/temp/cppad-20140407/speed/src/link_ode.cpp...
Parsing file /var/www/html/coin-or/CppAD/temp/cppad-20140407/speed/src/link_ode.cpp...
Preprocessing /var/www/html/coin-or/CppAD/temp/cppad-20140407/speed/src/link_poly.cpp...
Parsing file /var/www/html/coin-or/CppAD/temp/cppad-20140407/speed/src/link_poly.cpp...
Preprocessing /var/www/html/coin-or/CppAD/temp/cppad-20140407/speed/src/link_sparse_hessian.cpp...
Parsing file /var/www/html/coin-or/CppAD/temp/cppad-20140407/speed/src/link_sparse_hessian.cpp...
Preprocessing /var/www/html/coin-or/CppAD/temp/cppad-20140407/speed/src/link_sparse_jacobian.cpp...
Parsing file /var/www/html/coin-or/CppAD/temp/cppad-20140407/speed/src/link_sparse_jacobian.cpp...
Preprocessing /var/www/html/coin-or/CppAD/temp/cppad-20140407/speed/src/microsoft_timer.cpp...
Parsing file /var/www/html/coin-or/CppAD/temp/cppad-20140407/speed/src/microsoft_timer.cpp...
Building group list...
Building directory list...
Building namespace list...
Building file list...
Building class list...
Associating documentation with classes...
Computing nesting relations for classes...
Building example list...
Searching for enumerations...
Searching for documented typedefs...
Searching for members imported via using declarations...
Searching for included using directives...
Searching for documented variables...
Building member list...
Searching for friends...
Searching for documented defines...
Computing class inheritance relations...
Computing class usage relations...
Flushing cached template relations that have become invalid...
Creating members for template instances...
Computing class relations...
Add enum values to enums...
Searching for member function documentation...
Building page list...
Search for main page...
Computing page relations...
Determining the scope of groups...
Sorting lists...
Freeing entry tree
Determining which enums are documented
Computing member relations...
Building full member lists recursively...
Adding members to member groups.
Computing member references...
Generating disk names...
Adding source references...
Adding xrefitems...
Computing dependencies between directories...
Counting data structures...
Resolving user defined references...
Finding anchors and sections in the documentation...
Combining using relations...
Adding members to index pages...
Generating style sheet...
Generating index page...
Generating page index...
Generating example documentation...
Generating file sources...
Generating code for file abort_recording.hpp...
Generating code for file abs.hpp...
Generating code for file abs_op.hpp...
Generating code for file acos_op.hpp...
Generating code for file ad.hpp...
Generating code for file ad_assign.hpp...
Generating code for file ad_binary.hpp...
Generating code for file ad_ctor.hpp...
Generating code for file ad_fun.hpp...
Generating code for file ad_io.hpp...
Generating code for file ad_tape.hpp...
Generating code for file ad_valued.hpp...
Generating code for file add.hpp...
Generating code for file add_eq.hpp...
Generating code for file add_op.hpp...
Generating code for file arithmetic.hpp...
Generating code for file asin_op.hpp...
Generating code for file atan2.hpp...
Generating code for file atan_op.hpp...
Generating code for file atomic_base.hpp...
Generating code for file base_complex.hpp...
Generating code for file base_cond_exp.hpp...
Generating code for file base_double.hpp...
Generating code for file base_float.hpp...
Generating code for file base_require.hpp...
Generating code for file base_std_math.hpp...
Generating code for file bender_quad.hpp...
Generating code for file bool_fun.hpp...
Generating code for file bool_valued.hpp...
Generating code for file capacity_order.hpp...
Generating code for file check_numeric_type.hpp...
Generating code for file check_simple_vector.hpp...
Generating code for file checkpoint.hpp...
Generating code for file comp_op.hpp...
Generating code for file compare.hpp...
Generating code for file compute_assign.hpp...
Generating code for file cond_exp.hpp...
Generating code for file cond_op.hpp...
Generating code for file convert.hpp...
Generating code for file cos_op.hpp...
Generating code for file cosh_op.hpp...
Generating code for file cppad.hpp...
Generating code for file cppad_assert.hpp...
Generating code for file cppad_colpack.cpp...
Generating code for file cppad_colpack.hpp...
Generating code for file cppad_ipopt_nlp.cpp...
Generating code for file cppad_ipopt_nlp.hpp...
Generating code for file cskip_op.hpp...
Generating code for file csum_op.hpp...
Generating code for file declare_ad.hpp...
Generating code for file define.hpp...
Generating code for file dependent.hpp...
Generating code for file discrete.hpp...
Generating code for file discrete_op.hpp...
Generating code for file div.hpp...
Generating code for file div_eq.hpp...
Generating code for file div_op.hpp...
Generating code for file drivers.hpp...
Generating code for file elapsed_seconds.hpp...
Generating code for file epsilon.hpp...
Generating code for file equal_op_seq.hpp...
Generating code for file erf.hpp...
Generating code for file error_handler.hpp...
Generating code for file exp_op.hpp...
Generating code for file for_jac_sweep.hpp...
Generating code for file for_one.hpp...
Generating code for file for_sparse_jac.hpp...
Generating code for file for_two.hpp...
Generating code for file forward.hpp...
Generating code for file forward0sweep.hpp...
Generating code for file forward1sweep.hpp...
Generating code for file fun_check.hpp...
Generating code for file fun_construct.hpp...
Generating code for file fun_eval.hpp...
Generating code for file fun_record.hpp...
Generating code for file hash_code.hpp...
Generating code for file hes_fg_map.cpp...
Generating code for file hes_fg_map.hpp...
Generating code for file hessian.hpp...
Generating code for file identical.hpp...
Generating code for file independent.hpp...
Generating code for file index_sort.hpp...
Generating code for file integer.hpp...
Generating code for file jac_g_map.cpp...
Generating code for file jac_g_map.hpp...
Generating code for file jacobian.hpp...
Generating code for file limits.hpp...
Generating code for file link_det_lu.cpp...
Generating code for file link_det_minor.cpp...
Generating code for file link_mat_mul.cpp...
Generating code for file link_ode.cpp...
Generating code for file link_poly.cpp...
Generating code for file link_sparse_hessian.cpp...
Generating code for file link_sparse_jacobian.cpp...
Generating code for file load_op.hpp...
Generating code for file log_op.hpp...
Generating code for file lu_factor.hpp...
Generating code for file lu_invert.hpp...
Generating code for file lu_ratio.hpp...
Generating code for file lu_solve.hpp...
Generating code for file math_other.hpp...
Generating code for file memory_leak.hpp...
Generating code for file microsoft_timer.cpp...
Generating code for file mul.hpp...
Generating code for file mul_eq.hpp...
Generating code for file mul_op.hpp...
Generating code for file nan.hpp...
Generating code for file near_equal.hpp...
Generating code for file near_equal_ext.hpp...
Generating code for file num_skip.hpp...
Generating code for file ode_err_control.hpp...
Generating code for file ode_gear.hpp...
Generating code for file ode_gear_control.hpp...
Generating code for file old_atomic.hpp...
Generating code for file omp_alloc.hpp...
Generating code for file omp_max_thread.hpp...
Generating code for file op.hpp...
Generating code for file op_code.hpp...
Generating code for file opt_val_hes.hpp...
Generating code for file optimize.hpp...
Generating code for file ordered.hpp...
Generating code for file par_var.hpp...
Generating code for file parallel_ad.hpp...
Generating code for file parameter_op.hpp...
Generating code for file player.hpp...
Generating code for file pod_vector.hpp...
Generating code for file poly.hpp...
Generating code for file pow.hpp...
Generating code for file pow_int.hpp...
Generating code for file pow_op.hpp...
Generating code for file print_for.hpp...
Generating code for file print_op.hpp...
Generating code for file prototype_op.hpp...
Generating code for file recorder.hpp...
Generating code for file rev_hes_sweep.hpp...
Generating code for file rev_jac_sweep.hpp...
Generating code for file rev_one.hpp...
Generating code for file rev_sparse_hes.hpp...
Generating code for file rev_sparse_jac.hpp...
Generating code for file rev_two.hpp...
Generating code for file reverse.hpp...
Generating code for file reverse_sweep.hpp...
Generating code for file romberg_mul.hpp...
Generating code for file romberg_one.hpp...
Generating code for file rosen_34.hpp...
Generating code for file runge_45.hpp...
Generating code for file sign.hpp...
Generating code for file sign_op.hpp...
Generating code for file sin_op.hpp...
Generating code for file sinh_op.hpp...
Generating code for file solve.hpp...
Generating code for file solve_callback.hpp...
Generating code for file solve_result.hpp...
Generating code for file sparse.hpp...
Generating code for file sparse_binary_op.hpp...
Generating code for file sparse_color.hpp...
Generating code for file sparse_hessian.hpp...
Generating code for file sparse_jacobian.hpp...
Generating code for file sparse_list.hpp...
Generating code for file sparse_map2vec.cpp...
Generating code for file sparse_map2vec.hpp...
Generating code for file sparse_pack.hpp...
Generating code for file sparse_pattern.hpp...
Generating code for file sparse_set.hpp...
Generating code for file sparse_unary_op.hpp...
Generating code for file speed_test.hpp...
Generating code for file sqrt_op.hpp...
Generating code for file std_math_ad.hpp...
Generating code for file std_set.hpp...
Generating code for file store_op.hpp...
Generating code for file sub.hpp...
Generating code for file sub_eq.hpp...
Generating code for file sub_op.hpp...
Generating code for file tan_op.hpp...
Generating code for file tanh_op.hpp...
Generating code for file tape_link.hpp...
Generating code for file test_vector.hpp...
Generating code for file testvector.hpp...
Generating code for file thread_alloc.hpp...
Generating code for file time_test.hpp...
Generating code for file track_new_del.hpp...
Generating code for file unary_minus.hpp...
Generating code for file unary_plus.hpp...
Generating code for file undef.hpp...
Generating code for file user_ad.hpp...
Generating code for file value.hpp...
Generating code for file var2par.hpp...
Generating code for file vec_ad.hpp...
Generating code for file vec_fun_pattern.cpp...
Generating code for file vec_fun_pattern.hpp...
Generating code for file vector.hpp...
Generating file documentation...
Generating docs for file abort_recording.hpp...
Generating docs for file abs.hpp...
Generating docs for file abs_op.hpp...
Generating docs for file acos_op.hpp...
Generating docs for file ad.hpp...
Generating docs for file ad_assign.hpp...
Generating docs for file ad_binary.hpp...
Generating docs for file ad_ctor.hpp...
Generating docs for file ad_fun.hpp...
Generating docs for file ad_io.hpp...
Generating docs for file ad_tape.hpp...
Generating docs for file ad_valued.hpp...
Generating docs for file add.hpp...
Generating docs for file add_eq.hpp...
Generating docs for file add_op.hpp...
Generating docs for file arithmetic.hpp...
Generating docs for file asin_op.hpp...
Generating docs for file atan2.hpp...
Generating docs for file atan_op.hpp...
Generating docs for file atomic_base.hpp...
Generating docs for file base_complex.hpp...
Generating docs for file base_cond_exp.hpp...
Generating docs for file base_double.hpp...
Generating docs for file base_float.hpp...
Generating docs for file base_require.hpp...
Generating docs for file base_std_math.hpp...
Generating docs for file bender_quad.hpp...
Generating docs for file bool_fun.hpp...
Generating docs for file bool_valued.hpp...
Generating docs for file capacity_order.hpp...
Generating docs for file check_numeric_type.hpp...
Generating docs for file check_simple_vector.hpp...
Generating docs for file checkpoint.hpp...
Generating docs for file comp_op.hpp...
Generating docs for file compare.hpp...
Generating docs for file compute_assign.hpp...
Generating docs for file cond_exp.hpp...
Generating docs for file cond_op.hpp...
Generating docs for file convert.hpp...
Generating docs for file cos_op.hpp...
Generating docs for file cosh_op.hpp...
Generating docs for file cppad.hpp...
Generating docs for file cppad_assert.hpp...
Generating docs for file cppad_colpack.cpp...
Generating docs for file cppad_colpack.hpp...
Generating docs for file cppad_ipopt_nlp.cpp...
Generating docs for file cppad_ipopt_nlp.hpp...
Generating docs for file cskip_op.hpp...
Generating docs for file csum_op.hpp...
Generating docs for file declare_ad.hpp...
Generating docs for file define.hpp...
Generating docs for file dependent.hpp...
Generating docs for file discrete.hpp...
Generating docs for file discrete_op.hpp...
Generating docs for file div.hpp...
Generating docs for file div_eq.hpp...
Generating docs for file div_op.hpp...
Generating docs for file drivers.hpp...
Generating docs for file elapsed_seconds.hpp...
Generating docs for file epsilon.hpp...
Generating docs for file equal_op_seq.hpp...
Generating docs for file erf.hpp...
Generating docs for file error_handler.hpp...
Generating docs for file exp_op.hpp...
Generating docs for file for_jac_sweep.hpp...
Generating docs for file for_one.hpp...
Generating docs for file for_sparse_jac.hpp...
Generating docs for file for_two.hpp...
Generating docs for file forward.hpp...
Generating docs for file forward0sweep.hpp...
Generating docs for file forward1sweep.hpp...
Generating docs for file fun_check.hpp...
Generating docs for file fun_construct.hpp...
Generating docs for file fun_eval.hpp...
Generating docs for file fun_record.hpp...
Generating docs for file hash_code.hpp...
Generating docs for file hes_fg_map.cpp...
Generating docs for file hes_fg_map.hpp...
Generating docs for file hessian.hpp...
Generating docs for file identical.hpp...
Generating docs for file independent.hpp...
Generating docs for file index_sort.hpp...
Generating docs for file integer.hpp...
Generating docs for file jac_g_map.cpp...
Generating docs for file jac_g_map.hpp...
Generating docs for file jacobian.hpp...
Generating docs for file limits.hpp...
Generating docs for file link_det_lu.cpp...
Generating docs for file link_det_minor.cpp...
Generating docs for file link_mat_mul.cpp...
Generating docs for file link_ode.cpp...
Generating docs for file link_poly.cpp...
Generating docs for file link_sparse_hessian.cpp...
Generating docs for file link_sparse_jacobian.cpp...
Generating docs for file load_op.hpp...
Generating docs for file log_op.hpp...
Generating docs for file lu_factor.hpp...
Generating docs for file lu_invert.hpp...
Generating docs for file lu_ratio.hpp...
Generating docs for file lu_solve.hpp...
Generating docs for file math_other.hpp...
Generating docs for file memory_leak.hpp...
Generating docs for file microsoft_timer.cpp...
Generating docs for file mul.hpp...
Generating docs for file mul_eq.hpp...
Generating docs for file mul_op.hpp...
Generating docs for file nan.hpp...
Generating docs for file near_equal.hpp...
Generating docs for file near_equal_ext.hpp...
Generating docs for file num_skip.hpp...
Generating docs for file ode_err_control.hpp...
Generating docs for file ode_gear.hpp...
Generating docs for file ode_gear_control.hpp...
Generating docs for file old_atomic.hpp...
Generating docs for file omp_alloc.hpp...
Generating docs for file omp_max_thread.hpp...
Generating docs for file op.hpp...
Generating docs for file op_code.hpp...
Generating docs for file opt_val_hes.hpp...
Generating docs for file optimize.hpp...
Generating docs for file ordered.hpp...
Generating docs for file par_var.hpp...
Generating docs for file parallel_ad.hpp...
Generating docs for file parameter_op.hpp...
Generating docs for file player.hpp...
Generating docs for file pod_vector.hpp...
Generating docs for file poly.hpp...
Generating docs for file pow.hpp...
Generating docs for file pow_int.hpp...
Generating docs for file pow_op.hpp...
Generating docs for file print_for.hpp...
Generating docs for file print_op.hpp...
Generating docs for file prototype_op.hpp...
Generating docs for file recorder.hpp...
Generating docs for file rev_hes_sweep.hpp...
Generating docs for file rev_jac_sweep.hpp...
Generating docs for file rev_one.hpp...
Generating docs for file rev_sparse_hes.hpp...
Generating docs for file rev_sparse_jac.hpp...
Generating docs for file rev_two.hpp...
Generating docs for file reverse.hpp...
Generating docs for file reverse_sweep.hpp...
Generating docs for file romberg_mul.hpp...
Generating docs for file romberg_one.hpp...
Generating docs for file rosen_34.hpp...
Generating docs for file runge_45.hpp...
Generating docs for file sign.hpp...
Generating docs for file sign_op.hpp...
Generating docs for file sin_op.hpp...
Generating docs for file sinh_op.hpp...
Generating docs for file solve.hpp...
Generating docs for file solve_callback.hpp...
Generating docs for file solve_result.hpp...
Generating docs for file sparse.hpp...
Generating docs for file sparse_binary_op.hpp...
Generating docs for file sparse_color.hpp...
Generating docs for file sparse_hessian.hpp...
Generating docs for file sparse_jacobian.hpp...
Generating docs for file sparse_list.hpp...
Generating docs for file sparse_map2vec.cpp...
Generating docs for file sparse_map2vec.hpp...
Generating docs for file sparse_pack.hpp...
Generating docs for file sparse_pattern.hpp...
Generating docs for file sparse_set.hpp...
Generating docs for file sparse_unary_op.hpp...
Generating docs for file speed_test.hpp...
Generating docs for file sqrt_op.hpp...
Generating docs for file std_math_ad.hpp...
Generating docs for file std_set.hpp...
Generating docs for file store_op.hpp...
Generating docs for file sub.hpp...
Generating docs for file sub_eq.hpp...
Generating docs for file sub_op.hpp...
Generating docs for file tan_op.hpp...
Generating docs for file tanh_op.hpp...
Generating docs for file tape_link.hpp...
Generating docs for file test_vector.hpp...
Generating docs for file testvector.hpp...
Generating docs for file thread_alloc.hpp...
Generating docs for file time_test.hpp...
Generating docs for file track_new_del.hpp...
Generating docs for file unary_minus.hpp...
Generating docs for file unary_plus.hpp...
Generating docs for file undef.hpp...
Generating docs for file user_ad.hpp...
Generating docs for file value.hpp...
Generating docs for file var2par.hpp...
Generating docs for file vec_ad.hpp...
Generating docs for file vec_fun_pattern.cpp...
Generating docs for file vec_fun_pattern.hpp...
Generating docs for file vector.hpp...
Generating page documentation...
Generating docs for page AD_default_assign...
Generating docs for page AD_default_ctor...
Generating group documentation...
Generating group index...
Generating class documentation...
Generating annotated compound index...
Generating alphabetical compound index...
Generating hierarchical class index...
Generating member index...
Generating namespThis is pdfTeX, Version 3.1415926-2.3-1.40.12 (TeX Live 2011)
 restricted \write18 enabled.
entering extended mode
(./_formulas.tex
LaTeX2e <2011/06/27>
Babel <v3.8m> and hyphenation patterns for english, dumylang, nohyphenation, lo
aded.

ace index...
Generating docs for namespace anonymous_namespace{link_sparse_hessian.cpp}
Generating docs for compound anonymous_namespace{link_sparse_hessian.cpp}::Key...
Generating docs for namespace anonymous_namespace{link_sparse_jacobian.cpp}
Generating docs for compound anonymous_namespace{link_sparse_jacobian.cpp}::Key...
Generating docs for namespace CppAD
Generating docs for compound CppAD::ok_if_S_same_as_T...
Generating docs for compound CppAD::ok_if_S_same_as_T< T, T >...
Generating docs for compound CppAD::ErrorHandler...
Generating docs for compound CppAD::index_sort_element...
Generating docs for compound CppAD::omp_alloc...
Generating docs for compound CppAD::SliceLast...
Generating docs for compound CppAD::IntegrateLast...
Generating docs for compound CppAD::RombergMul...
Generating docs for compound CppAD::RombergMul< Fun, SizeVector, FloatVector, 1 >...
Generating docs for compound CppAD::thread_alloc...
Generating docs for nested compound CppAD::thread_alloc::block_t...
Generating docs for nested compound CppAD::thread_alloc::capacity_t...
Generating docs for nested compound CppAD::thread_alloc::thread_alloc_info...
Generating docs for compound CppAD::TrackElement...
Generating docs for compound CppAD::vector...
Generating docs for compound CppAD::vectorBoolElement...
Generating docs for compound CppAD::vectorBool...
Generating docs for compound CppAD::AD...
Generating docs for compound CppAD::ADFun...
Generating docs for compound CppAD::ADTape...
Generating docs for compound CppAD::atomic_base...
Generating docs for compound CppAD::numeric_limits< std::complex< double > >...
Generating docs for compound CppAD::numeric_limits< std::complex< float > >...
Generating docs for compound CppAD::numeric_limits< double >...
Generating docs for compound CppAD::numeric_limits< float >...
Generating docs for compound CppAD::checkpoint...
Generating docs for compound CppAD::discrete...
Generating docs for compound CppAD::numeric_limits...
Generating docs for compound CppAD::numeric_limits< AD< Base > >...
Generating docs for compound CppAD::user_atomic...
Generating docs for compound CppAD::old_atomic...
Generating docs for compound CppAD::player...
Generating docs for compound CppAD::pod_vector...
Generating docs for compound CppAD::recorder...
Generating docs for compound CppAD::sparse_hessian_work...
Generating docs for compound CppAD::sparse_jacobian_work...
Generating docs for compound CppAD::sparse_list...
Generating docs for nested compound CppAD::sparse_list::Element...
Generating docs for compound CppAD::sparse_pack...
Generating docs for compound CppAD::internal_sparsity< bool >...
Generating docs for compound CppAD::internal_sparsity< std::set< size_t > >...
Generating docs for compound CppAD::sparse_set...
Generating docs for compound CppAD::VecAD_reference...
Generating docs for compound CppAD::VecAD...
Generating docs for namespace CppAD::ipopt
Generating docs for compound CppAD::ipopt::solve_callback...
Generating docs for compound CppAD::ipopt::solve_result...
Generating docs for namespace CppAD::optimize
Generating docs for compound CppAD::optimize::class_cexp_pair...
Generating docs for compound CppAD::optimize::struct_old_variable...
Generating docs for compound CppAD::optimize::struct_size_pair...
Generating docs for compound CppAD::optimize::struct_csum_variable...
Generating docs for compound CppAD::optimize::struct_csum_stacks...
Generating docs for compound CppAD::optimize::struct_cskip_info...
Generating docs for compound CppAD::optimize::struct_user_info...
Generating docs for namespace cppad_ipopt
Generating docs for compound cppad_ipopt::cppad_ipopt_fg_info...
Generating docs for compound cppad_ipopt::cppad_ipopt_solution...
Generating docs for compound cppad_ipopt::cppad_ipopt_nlp...
Generating namespace member index...
Generating graph info page...
Generating directory documentation...
Generating file index...
Generating directory index...
Generating example index...
Generating file member index...
Generating bitmaps for formulas in HTML...
Generating image form_0.png for formula
Generating image form_1.png for formula
Generating image form_2.png for formula
Generating image form_3.png for formula
Generating image form_4.png for formula
Generating image form_5.png for formula
Generating image form_6.png for formula
Generating image form_7.png for formula
Generating image form_8.png for formula
Generating image form_9.png for formula
Generating image form_10.png for formula
Generating image form_11.png for formula
Generating image form_12.png for formula
Generating image form_13.png for formula
Generating image form_14.png for formula
Generating image form_15.png for formula
Generating image form_16.png for formula
Generating image form_17.png for formula
Generating image form_18.png for formula
Generating image form_19.png for formula
Generating image form_20.png for formula
Generating image form_21.png for formula
Generating image form_22.png for formula
Generating image form_23.png for formula
Generating image form_24.png for formula
Generating image form_25.png for formula
Generating image form_26.png for formula
Generating image form_27.png for formula
Generating image form_28.png for formula
Generating image form_29.png for formula
Generating image form_30.png for formula
Generating image form_31.png for formula
Generating image form_32.png for formula
Generating image form_33.png for formula
Generating image form_34.png for formula
Generating image form_35.png for formula
Generating image form_36.png for formula
Generating image form_37.png for formula
Generating image form_38.png for formula
Generating image form_39.png for formula
Generating image form_40.png for formula
Generating image form_41.png for formula
Generating image form_42.png for formula
Generating image form_43.png for formula
Generating image form_44.png for formula
Generating image form_45.png for formula
Generating image form_46.png for formula
Generating image form_47.png for formula
Generating image form_48.png for formula
Generating image form_49.png for formula
Generating image form_50.png for formula
Generating image form_51.png for formula
Generating image form_52.png for formula
Generating image form_53.png for formula
Generating image form_54.png for formula
Generating image form_55.png for formula
Generating image form_56.png for formula
Generating image form_57.png for formula
Generating image form_58.png for formula
Generating image form_59.png for formula
Generating image form_60.png for formula
Generating image form_61.png for formula
Generating image form_62.png for formula
Generating image form_63.png for formula
Generating image form_64.png for formula
Generating image form_65.png for formula
Generating image form_66.png for formula
Generating image form_67.png for formula
Generating image form_68.png for formula
Generating image form_69.png for formula
Generating image form_70.png for formula
Generating image form_71.png for formula
Generating image form_72.png for formula
Generating image form_73.png for formula
Generating image form_74.png for formula
Generating image form_75.png for formula
Generating image form_76.png for formula
Generating image form_77.png for formula
Generating image form_78.png for formula
Generating image form_79.png for formula
Generating image form_80.png for formula
Generating image form_81.png for formula
Generating image form_82.png for formula
Generating image form_83.png for formula
Generating image form_84.png for formula
Generating image form_85.png for formula
Generating image form_86.png for formula
Generating image form_87.png for formula
Generating image form_88.png for formula
Generating image form_89.png for formula
Generating image form_90.png for formula
Generating image form_91.png for formula
Generating image form_92.png for formula
Generating image form_93.png for formula
Generating image form_94.png for formula
Generating image form_95.png for formula
Generating image form_96.png for formula
Generating image form_97.png for formula
Generating image form_98.png for formula
Generating image form_99.png for formula
Generating image form_100.png for formula
Generating image form_101.png for formula
Generating image form_102.png for formula
Generating image form_103.png for formula
Generating image form_104.png for formula
Generating image form_105.png for formula
Generating image form_106.png for formula
Generating image form_107.png for formula
